<?xml version="1.0" encoding="UTF-8"?>
<testng-results skipped="0" failed="0" ignored="0" total="1" passed="1">
  <reporter-output>
  </reporter-output>
  <suite name="Default suite" duration-ms="69591" started-at="2019-09-25T14:41:43 IST" finished-at="2019-09-25T14:42:53 IST">
    <groups>
    </groups>
    <test name="Default test" duration-ms="69591" started-at="2019-09-25T14:41:43 IST" finished-at="2019-09-25T14:42:53 IST">
      <class name="TestCases.AddFeaturesTest">
        <test-method status="PASS" signature="setup()[pri:0, instance:TestCases.AddFeaturesTest@6ebc05a6]" name="setup" is-config="true" duration-ms="16407" started-at="2019-09-25T14:41:43 IST" finished-at="2019-09-25T14:42:00 IST">
          <reporter-output>
          </reporter-output>
        </test-method> <!-- setup -->
        <test-method status="PASS" signature="Add()[pri:0, instance:TestCases.AddFeaturesTest@6ebc05a6]" name="Add" duration-ms="53092" started-at="2019-09-25T14:42:00 IST" finished-at="2019-09-25T14:42:53 IST">
          <reporter-output>
          </reporter-output>
        </test-method> <!-- Add -->
      </class> <!-- TestCases.AddFeaturesTest -->
    </test> <!-- Default test -->
  </suite> <!-- Default suite -->
</testng-results>
